[17:12:55] [main/INFO] (FabricLoader) Loading for game Minecraft 1.17.1
[17:12:56] [ForkJoinPool-1-worker-5/WARN] (Fabric|Loader) Non-Fabric mod JAR at "C:\Users\crow\Documents\mod\FabricCustomItems\run\mods\OptiFine_1.17.1_HD_U_G9_MOD.jar", ignoring
[17:12:57] [main/INFO] (Fabric|Loader) [FabricLoader] Loading 55 mods:
	- fabric@0.40.0+1.17
	- fabric-api-base@0.3.0+a02b446318
	- fabric-api-lookup-api-v1@1.3.0+cbda931818
	- fabric-biome-api-v1@3.2.0+cbda931818
	- fabric-blockrenderlayer-v1@1.1.5+a02b446318
	- fabric-command-api-v1@1.1.3+5ab9934c18
	- fabric-commands-v0@0.2.2+92519afa18
	- fabric-containers-v0@0.1.12+cbda931818
	- fabric-content-registries-v0@0.3.0+cbda931818
	- fabric-crash-report-info-v1@0.1.5+be9da31018
	- fabric-dimensions-v1@2.0.11+6cefd57718
	- fabric-entity-events-v1@1.2.3+87cc6e4c18
	- fabric-events-interaction-v0@0.4.10+fc40aa9d18
	- fabric-events-lifecycle-v0@0.2.1+92519afa18
	- fabric-game-rule-api-v1@1.0.7+cbda931818
	- fabric-gametest-api-v1@1.0.0+e409d7e818
	- fabric-item-api-v1@1.2.4+cbda931818
	- fabric-item-groups-v0@0.2.10+b7ab612118
	- fabric-key-binding-api-v1@1.0.4+cbda931818
	- fabric-keybindings-v0@0.2.2+36b77c3e18
	- fabric-language-kotlin@1.6.4+kotlin.1.5.30
	- fabric-lifecycle-events-v1@1.4.4+a02b446318
	- fabric-loot-tables-v1@1.0.4+a02b446318
	- fabric-mining-levels-v0@0.1.3+92519afa18
	- fabric-models-v0@0.3.0+a02b446318
	- fabric-networking-api-v1@1.0.13+2e8bd82f18
	- fabric-networking-blockentity-v0@0.2.11+a02b446318
	- fabric-networking-v0@0.3.2+92519afa18
	- fabric-object-builder-api-v1@1.10.9+cbda931818
	- fabric-object-builders-v0@0.7.3+a02b446318
	- fabric-particles-v1@0.2.4+a02b446318
	- fabric-registry-sync-v0@0.7.10+e2961fee18
	- fabric-renderer-api-v1@0.4.4+cbda931818
	- fabric-renderer-indigo@0.4.8+cbda931818
	- fabric-renderer-registries-v1@3.2.2+fc40aa9d18
	- fabric-rendering-data-attachment-v1@0.1.5+a02b446318
	- fabric-rendering-fluids-v1@0.1.13+a02b446318
	- fabric-rendering-v0@1.1.3+fc40aa9d18
	- fabric-rendering-v1@1.8.1+fc40aa9d18
	- fabric-resource-loader-v0@0.4.8+a00e834b18
	- fabric-screen-api-v1@1.0.4+cbda931818
	- fabric-screen-handler-api-v1@1.1.8+cbda931818
	- fabric-structure-api-v1@1.1.13+5ab9934c18
	- fabric-tag-extensions-v0@1.2.1+b06cb95b18
	- fabric-textures-v0@1.0.6+a02b446318
	- fabric-tool-attribute-api-v1@1.2.12+b7ab612118
	- fabric-transfer-api-v1@1.3.0+fc40aa9d18
	- fabricloader@0.11.6
	- java@16
	- minecraft@1.17.1
	- mm@2.3
	- modid@1.0.0
	- modmenu@2.0.14
	- optifabric@1.11.20
	- replaymod@1.17.1-2.6.1
[17:13:10] [main/INFO] (mixin) SpongePowered MIXIN Subsystem Version=0.8.2 Source=file:/C:/Users/crow/.gradle/caches/modules-2/files-2.1/net.fabricmc/sponge-mixin/0.9.4+mixin.0.8.2/ef410951e94c7f4939cc74c86f8df371827818a4/sponge-mixin-0.9.4+mixin.0.8.2.jar Service=Knot/Fabric Env=CLIENT
[17:13:10] [main/INFO] (Fabric|MixinBootstrap) Loaded Fabric development mappings for mixin remapper!
[17:13:10] [main/INFO] (mixin) Compatibility level set to JAVA_16
[17:13:11] [main/WARN] (mixin) Reference map 'mixins.nonmmlauncher.replaymod.refmap.json' for mixins.nonmmlauncher.replaymod.json could not be read. If this is a development environment you can ignore this message
[17:13:11] [main/WARN] (mixin) @Mixin target net/minecraft/server/world/ServerWorld$ServerEntityHandler is public in fabric-lifecycle-events-v1.mixins.json:ServerWorldEntityLoaderMixin and should be specified in value
[17:13:11] [main/WARN] (mixin) @Mixin target net/minecraft/client/world/ClientWorld$ClientEntityHandler is public in fabric-lifecycle-events-v1.mixins.json:client.ClientWorldEntityLoaderMixin and should be specified in value
[17:13:11] [main/WARN] (mixin) @Mixin target net/minecraft/client/render/block/BlockModelRenderer$AmbientOcclusionCalculator is public in fabric-renderer-indigo.mixins.json:MixinAmbientOcclusionCalculator and should be specified in value
[17:13:11] [main/WARN] (mixin) @Mixin target net/minecraft/client/render/chunk/ChunkBuilder$BuiltChunk$RebuildTask is public in fabric-renderer-indigo.mixins.json:MixinChunkRebuildTask and should be specified in value
[17:13:11] [main/WARN] (mixin) @Mixin target net/minecraft/server/network/ServerPlayNetworkHandler$1 is public in fabric-events-interaction-v0.mixins.json:MixinServerPlayNetworkHandler and should be specified in value
[17:13:11] [main/WARN] (mixin) @Mixin target net/minecraft/village/TradeOffers$TypeAwareBuyForOneEmeraldFactory is public in fabric-object-builder-v1.mixins.json:TypeAwareTradeMixin and should be specified in value
[17:13:12] [main/WARN] (mixin) @Mixin target net/minecraft/client/font/FontManager$1 is public in fabric-resource-loader-v0.mixins.json:client.FontManagerResourceReloadListenerMixin and should be specified in value
[17:13:12] [main/WARN] (mixin) @Mixin target net/minecraft/server/command/GameRuleCommand$1 is public in fabric-game-rule-api-v1.mixins.json:GameRuleCommandVisitorMixin and should be specified in value
[17:13:12] [main/WARN] (mixin) @Mixin target net/minecraft/client/gui/screen/world/EditGameRulesScreen$RuleListWidget$1 is public in fabric-game-rule-api-v1.mixins.json:client.RuleListWidgetVisitorMixin and should be specified in value
[17:13:12] [main/WARN] (mixin) @Mixin target net/minecraft/server/world/ThreadedAnvilChunkStorage$EntityTracker is public in fabric-networking-api-v1.mixins.json:accessor.EntityTrackerAccessor and should be specified in value
[17:13:12] [main/WARN] (mixin) @Mixin target net/minecraft/client/particle/ParticleManager$SimpleSpriteProvider is public in fabric-particles-v1.mixins.json:ParticleManagerAccessor$SimpleSpriteProviderAccessor and should be specified in value
[17:13:12] [main/WARN] (mixin) @Mixin target net/minecraft/data/server/AbstractTagProvider$ObjectBuilder is public in fabric-tag-extensions-v0.mixins.json:MixinObjectBuilder and should be specified in value
[17:13:12] [main/WARN] (mixin) @Mixin target net/minecraft/tag/RequiredTagList$TagWrapper is public in fabric-tag-extensions-v0.mixins.json:MixinTagImpl and should be specified in value
[17:13:24] [main/WARN] (mixin) Error loading class: shadersmod/client/ShadersRender (java.lang.ClassNotFoundException: shadersmod/client/ShadersRender)
[17:13:24] [main/WARN] (mixin) Error loading class: net/coderbot/iris/uniforms/CommonUniforms (java.lang.ClassNotFoundException: net/coderbot/iris/uniforms/CommonUniforms)
[17:13:24] [main/WARN] (mixin) Error loading class: net/coderbot/iris/Iris (java.lang.ClassNotFoundException: net/coderbot/iris/Iris)
[17:13:24] [main/WARN] (mixin) @Mixin target net/minecraft/client/render/chunk/ChunkBuilder$BuiltChunk$RebuildTask is public in optifabric.compat.indigo.mixins.json:RebuildTaskMixin and should be specified in value
[17:13:26] [main/WARN] (FileUtil) Configuration conflict: there is more than one oshi.properties file on the classpath
[17:13:26] [main/WARN] (FileUtil) Configuration conflict: there is more than one oshi.architecture.properties file on the classpath
[17:13:28] [main/INFO] (Log) [OptiFine] (Reflector) Field not found: World.tileEntitiesToBeRemoved
[17:13:30] [main/INFO] (Log) [OptiFine] (Reflector) Method not present: net.minecraft.tag.ItemTags.createOptional
[17:13:37] [Render thread/INFO] (Minecraft) Environment: authHost='https://authserver.mojang.com', accountsHost='https://api.mojang.com', sessionHost='https://sessionserver.mojang.com', servicesHost='https://api.minecraftservices.com', name='PROD'
[17:13:38] [Render thread/ERROR] (Minecraft) Failed to verify authentication
com.mojang.authlib.exceptions.InvalidCredentialsException: Status: 401
	at com.mojang.authlib.exceptions.MinecraftClientHttpException.toAuthenticationException(MinecraftClientHttpException.java:56) ~[authlib-2.3.31.jar:?]
	at com.mojang.authlib.yggdrasil.YggdrasilSocialInteractionsService.checkPrivileges(YggdrasilSocialInteractionsService.java:112) ~[authlib-2.3.31.jar:?]
	at com.mojang.authlib.yggdrasil.YggdrasilSocialInteractionsService.<init>(YggdrasilSocialInteractionsService.java:42) ~[authlib-2.3.31.jar:?]
	at com.mojang.authlib.yggdrasil.YggdrasilAuthenticationService.createSocialInteractionsService(YggdrasilAuthenticationService.java:151) ~[authlib-2.3.31.jar:?]
	at net.minecraft.client.MinecraftClient.createSocialInteractionsService(MinecraftClient.java:670) [minecraft-1.17.1-mapped-net.fabricmc.yarn-1.17.1+build.52-v2.jar:?]
	at net.minecraft.client.MinecraftClient.<init>(MinecraftClient.java:429) [minecraft-1.17.1-mapped-net.fabricmc.yarn-1.17.1+build.52-v2.jar:?]
	at net.minecraft.client.main.Main.main(Main.java:179) [minecraft-1.17.1-mapped-net.fabricmc.yarn-1.17.1+build.52-v2.jar:?]
	at jdk.internal.reflect.NativeMethodAccessorImpl.invoke0(Native Method) ~[?:?]
	at jdk.internal.reflect.NativeMethodAccessorImpl.invoke(NativeMethodAccessorImpl.java:78) ~[?:?]
	at jdk.internal.reflect.DelegatingMethodAccessorImpl.invoke(DelegatingMethodAccessorImpl.java:43) ~[?:?]
	at java.lang.reflect.Method.invoke(Method.java:567) ~[?:?]
	at net.fabricmc.loader.game.MinecraftGameProvider.launch(MinecraftGameProvider.java:234) [fabric-loader-0.11.6.jar:?]
	at net.fabricmc.loader.launch.knot.Knot.launch(Knot.java:153) [fabric-loader-0.11.6.jar:?]
	at net.fabricmc.loader.launch.knot.KnotClient.main(KnotClient.java:28) [fabric-loader-0.11.6.jar:?]
	at net.fabricmc.devlaunchinjector.Main.main(Main.java:86) [dev-launch-injector-0.2.1+build.8.jar:?]
Caused by: com.mojang.authlib.exceptions.MinecraftClientHttpException: Status: 401
	at com.mojang.authlib.minecraft.client.MinecraftClient.readInputStream(MinecraftClient.java:77) ~[authlib-2.3.31.jar:?]
	at com.mojang.authlib.minecraft.client.MinecraftClient.get(MinecraftClient.java:47) ~[authlib-2.3.31.jar:?]
	at com.mojang.authlib.yggdrasil.YggdrasilSocialInteractionsService.checkPrivileges(YggdrasilSocialInteractionsService.java:104) ~[authlib-2.3.31.jar:?]
	... 13 more
[17:13:39] [Render thread/INFO] (Minecraft) Setting user: Player915
[17:13:39] [Render thread/INFO] (MM) Definitely not up to no good
[17:13:39] [Render thread/INFO] (Minecraft) [STDOUT]: Hello Fabric world!
[17:13:39] [Render thread/WARN] (mixin) @Inject(@At("INVOKE")) Shift.BY=3 on fabric-lifecycle-events-v1.mixins.json:client.WorldChunkMixin::handler$zzn000$onLoadBlockEntity exceeds the maximum allowed value: 0. Increase the value of maxShiftBy to suppress this warning.
[17:13:40] [Render thread/WARN] (Mod Menu) WARNING! Mod mm is only using deprecated 'modmenu:api' custom value! This will be removed in 1.18 snapshots, so ask the author of this mod to support the new API.
[17:13:40] [Render thread/INFO] (Indigo) [Indigo] Registering Indigo renderer!
[17:13:40] [Render thread/INFO] (Indigo) [Indigo] Compatibility mode enabled.
[17:13:41] [Render thread/INFO] (Log) [OptiFine] (Reflector) Method not present: net.minecraft.client.option.KeyBinding.getKeyModifier
[17:13:41] [Render thread/INFO] (Minecraft) Backend library: LWJGL version 3.2.2 build 10
[17:13:41] [Render thread/INFO] (Config) [OptiFine] 
[17:13:41] [Render thread/INFO] (Config) [OptiFine] OptiFine_1.17.1_HD_U_G9
[17:13:41] [Render thread/INFO] (Config) [OptiFine] Build: 20210831-004129
[17:13:41] [Render thread/INFO] (Config) [OptiFine] OS: Windows 10 (amd64) version 10.0
[17:13:41] [Render thread/INFO] (Config) [OptiFine] Java: 16.0.2, Oracle Corporation
[17:13:41] [Render thread/INFO] (Config) [OptiFine] VM: Java HotSpot(TM) 64-Bit Server VM (mixed mode, sharing), Oracle Corporation
[17:13:41] [Render thread/INFO] (Config) [OptiFine] LWJGL: 3.3.0 Win32 WGL EGL OSMesa VisualC DLL
[17:13:41] [Render thread/INFO] (Config) [OptiFine] OpenGL: Intel(R) HD Graphics 520, version 3.2.0 - Build 27.20.100.8682, Intel
[17:13:41] [Render thread/INFO] (Config) [OptiFine] OpenGL Version: 3.2.0
[17:13:41] [Render thread/INFO] (Config) [OptiFine] Maximum texture size: 16384x16384
[17:13:41] [VersionCheck/INFO] (Config) [OptiFine] Checking for new version
[17:13:42] [Render thread/INFO] (SMCLog) [Shaders] OpenGL Version: 3.2.0 - Build 27.20.100.8682
[17:13:42] [Render thread/INFO] (SMCLog) [Shaders] Vendor:  Intel
[17:13:42] [Render thread/INFO] (SMCLog) [Shaders] Renderer: Intel(R) HD Graphics 520
[17:13:42] [Render thread/INFO] (SMCLog) [Shaders] Capabilities:  2.0  2.1  3.0  3.2  - 
[17:13:42] [Render thread/INFO] (SMCLog) [Shaders] GL_MAX_DRAW_BUFFERS: 8
[17:13:42] [Render thread/INFO] (SMCLog) [Shaders] GL_MAX_COLOR_ATTACHMENTS: 8
[17:13:42] [Render thread/INFO] (SMCLog) [Shaders] GL_MAX_TEXTURE_IMAGE_UNITS: 32
[17:13:42] [Render thread/INFO] (SMCLog) [Shaders] Load shaders configuration.
[17:13:42] [Render thread/INFO] (SMCLog) [Shaders] Save shaders configuration.
[17:13:42] [Render thread/INFO] (SMCLog) [Shaders] No shaderpack loaded.
[17:13:42] [VersionCheck/INFO] (Config) [OptiFine] Version found: G9
[17:13:42] [Render thread/WARN] (Config) [OptiFine] java.lang.ClassNotFoundException: sun.misc.SharedSecrets
[17:13:42] [Render thread/WARN] (Config) [OptiFine] java.lang.ClassNotFoundException: jdk.internal.misc.SharedSecrets
[17:13:42] [Render thread/WARN] (Config) [OptiFine] java.lang.ClassNotFoundException: sun.misc.VM
[17:13:42] [Render thread/WARN] (Config) [OptiFine] java.lang.reflect.InaccessibleObjectException: Unable to make public static long jdk.internal.misc.VM.maxDirectMemory() accessible: module java.base does not "exports jdk.internal.misc" to unnamed module @55b360d1
[17:13:43] [Render thread/INFO] (Minecraft) Narrator library for x64 successfully loaded
[17:13:43] [Render thread/INFO] (Minecraft) Reloading ResourceManager: Default, Fabric Mods (Manningham Mills, Mod Menu, Replay Mod, OptiFabric, Fabric Renderer API (v1), Fabric Key Bindings (v0), Fabric Loader, Fabric Transfer API (v1), Fabric Structure API (v1), Fabric Containers (v0), Fabric Object Builder API (v1), Fabric Dimensions API (v1), Fabric Game Rule API (v1), Fabric API Base, Fabric Rendering Data Attachment (v1), Fabric Textures (v0), Fabric Rendering Fluids (v1), Example Mod, Fabric BlockRenderLayer Registration (v1), Fabric Lifecycle Events (v1), Fabric Renderer Registries (v1), Fabric Loot Tables (v1), Fabric API, Fabric Particles (v1), Fabric Networking (v0), Fabric API Lookup API (v1), Fabric Networking Block Entity (v0), Fabric Screen Handler API (v1), Fabric Command API (v1), Fabric Screen API (v1), Fabric Tool Attribute API (v1), Fabric Renderer - Indigo, Fabric Events Interaction (v0), Fabric Item API (v1), Fabric Crash Report Info (v1), Fabric Language Kotlin, Fabric Entity Events (v1), Fabric Rendering (v0), Fabric Rendering (v1), Fabric Key Binding API (v1), Fabric Resource Loader (v0), Fabric Content Registries (v0), Fabric Tag Extensions (v0), Fabric Game Test API (v1), Fabric Biome API (v1), Fabric Registry Sync (v0), Fabric Commands (v0), Fabric Mining Levels (v0), Fabric Networking API (v1), Fabric Events Lifecycle (v0), Fabric Item Groups (v0), Fabric Models (v0), Fabric Object Builders (v0)), replaymod_lang
[17:13:43] [Render thread/INFO] (Config) [OptiFine] *** Reloading textures ***
[17:13:43] [Render thread/INFO] (Config) [OptiFine] Resource packs: Fabric Mods
[17:13:44] [Render thread/INFO] (Minecraft) [STDOUT]: This line is printed by an example mod mixin!
[17:13:44] [Render thread/INFO] (Log) [OptiFine] (Reflector) Method not present: net.minecraft.client.render.RenderLayers.canRenderInLayer
[17:13:44] [Render thread/INFO] (Reflector) [OptiFine] *** Reflector Forge ***
[17:13:44] [Render thread/INFO] (Log) [OptiFine] (Reflector) Class not present: mods.betterfoliage.client.BetterFoliageClient
[17:13:44] [Render thread/INFO] (Log) [OptiFine] (Reflector) Method not present: net.minecraft.client.render.block.BlockModels.getTexture
[17:13:44] [Render thread/INFO] (Log) [OptiFine] (Reflector) Field not present: net.minecraft.server.world.ChunkHolder.currentlyLoading
[17:13:44] [Render thread/INFO] (Log) [OptiFine] (Reflector) Method not present: net.minecraft.entity.EntityType.getTags
[17:13:44] [Render thread/INFO] (Log) [OptiFine] (Reflector) Method not present: net.minecraft.fluid.Fluid.getTags
[17:13:44] [Render thread/INFO] (Log) [OptiFine] (Reflector) Method not present: net.minecraft.world.chunk.Chunk.getWorldForge
[17:13:44] [Render thread/INFO] (Log) [OptiFine] (Reflector) Method not present: net.minecraft.client.option.KeyBinding.setKeyConflictContext
[17:13:44] [Render thread/INFO] (Log) [OptiFine] (Reflector) Method not present: net.minecraft.client.option.KeyBinding.setKeyModifierAndCode
[17:13:44] [Render thread/INFO] (Log) [OptiFine] (Reflector) Method not present: net.minecraft.client.render.RenderLayers.canRenderInLayer
[17:13:44] [Render thread/INFO] (Log) [OptiFine] (Reflector) Constructor not present: net.minecraft.server.world.ChunkTicket, params: class net.minecraft.server.world.ChunkTicketType, int, class java.lang.Object, boolean
[17:13:44] [Render thread/INFO] (Log) [OptiFine] (Reflector) Method not present: net.minecraft.server.world.ChunkTicket.isForceTicks
[17:13:44] [Render thread/INFO] (Log) [OptiFine] (Reflector) Method not present: net.minecraft.client.render.SkyProperties.getCloudRenderHandler
[17:13:44] [Render thread/INFO] (Log) [OptiFine] (Reflector) Method not present: net.minecraft.client.render.SkyProperties.getSkyRenderHandler
[17:13:44] [Render thread/INFO] (Log) [OptiFine] (Reflector) Method not present: net.minecraft.client.render.SkyProperties.getWeatherParticleRenderHandler
[17:13:44] [Render thread/INFO] (Log) [OptiFine] (Reflector) Method not present: net.minecraft.client.render.SkyProperties.getWeatherRenderHandler
[17:13:44] [Render thread/INFO] (Reflector) [OptiFine] *** Reflector Vanilla ***
[17:13:44] [Worker-Main-4/INFO] (Config) [OptiFine] Multitexture: false
[17:13:45] [Realms Notification Availability checker #1/INFO] (Minecraft) Could not authorize you against Realms server: Invalid session id
[17:13:46] [Worker-Main-5/INFO] (Config) [OptiFine] Multitexture: false
[17:13:47] [Worker-Main-6/WARN] (Config) [OptiFine] Unknown resource pack type: net.fabricmc.fabric.impl.resource.loader.FabricModResourcePack@1095c1a8
[17:13:47] [Worker-Main-6/WARN] (Config) [OptiFine] Unknown resource pack type: net.fabricmc.fabric.impl.resource.loader.FabricModResourcePack@1095c1a8
[17:13:47] [Worker-Main-6/WARN] (Config) [OptiFine] Unknown resource pack type: net.fabricmc.fabric.impl.resource.loader.FabricModResourcePack@1095c1a8
[17:13:47] [Worker-Main-6/WARN] (Config) [OptiFine] Unknown resource pack type: net.fabricmc.fabric.impl.resource.loader.FabricModResourcePack@1095c1a8
[17:13:47] [Worker-Main-6/INFO] (Config) [OptiFine] Multitexture: false
[17:13:48] [Worker-Main-6/WARN] (Config) [OptiFine] Unknown resource pack type: net.fabricmc.fabric.impl.resource.loader.FabricModResourcePack@10f41205
[17:13:48] [Worker-Main-6/INFO] (Config) [OptiFine] Multipass connected textures: false
[17:13:48] [Worker-Main-6/INFO] (Config) [OptiFine] ConnectedTextures: optifine/ctm/default/00_glass_white/glass_pane_white.properties
[17:13:48] [Worker-Main-6/INFO] (Config) [OptiFine] ConnectedTextures: optifine/ctm/default/00_glass_white/glass_white.properties
[17:13:48] [Worker-Main-6/INFO] (Config) [OptiFine] ConnectedTextures: optifine/ctm/default/01_glass_orange/glass_orange.properties
[17:13:48] [Worker-Main-6/INFO] (Config) [OptiFine] ConnectedTextures: optifine/ctm/default/01_glass_orange/glass_pane_orange.properties
[17:13:49] [Worker-Main-6/INFO] (Config) [OptiFine] ConnectedTextures: optifine/ctm/default/02_glass_magenta/glass_magenta.properties
[17:13:49] [Worker-Main-6/INFO] (Config) [OptiFine] ConnectedTextures: optifine/ctm/default/02_glass_magenta/glass_pane_magenta.properties
[17:13:49] [Worker-Main-6/INFO] (Config) [OptiFine] ConnectedTextures: optifine/ctm/default/03_glass_light_blue/glass_light_blue.properties
[17:13:49] [Worker-Main-6/INFO] (Config) [OptiFine] ConnectedTextures: optifine/ctm/default/03_glass_light_blue/glass_pane_light_blue.properties
[17:13:49] [Worker-Main-6/INFO] (Config) [OptiFine] ConnectedTextures: optifine/ctm/default/04_glass_yellow/glass_pane_yellow.properties
[17:13:49] [Worker-Main-6/INFO] (Config) [OptiFine] ConnectedTextures: optifine/ctm/default/04_glass_yellow/glass_yellow.properties
[17:13:50] [Worker-Main-6/INFO] (Config) [OptiFine] ConnectedTextures: optifine/ctm/default/05_glass_lime/glass_lime.properties
[17:13:50] [Worker-Main-6/INFO] (Config) [OptiFine] ConnectedTextures: optifine/ctm/default/05_glass_lime/glass_pane_lime.properties
[17:13:50] [Worker-Main-6/INFO] (Config) [OptiFine] ConnectedTextures: optifine/ctm/default/06_glass_pink/glass_pane_pink.properties
[17:13:50] [Worker-Main-6/INFO] (Config) [OptiFine] ConnectedTextures: optifine/ctm/default/06_glass_pink/glass_pink.properties
[17:13:50] [Worker-Main-6/INFO] (Config) [OptiFine] ConnectedTextures: optifine/ctm/default/07_glass_gray/glass_gray.properties
[17:13:50] [Worker-Main-6/INFO] (Config) [OptiFine] ConnectedTextures: optifine/ctm/default/07_glass_gray/glass_pane_gray.properties
[17:13:50] [Worker-Main-6/INFO] (Config) [OptiFine] ConnectedTextures: optifine/ctm/default/08_glass_light_gray/glass_light_gray.properties
[17:13:51] [Worker-Main-6/INFO] (Config) [OptiFine] ConnectedTextures: optifine/ctm/default/08_glass_light_gray/glass_pane_light_gray.properties
[17:13:51] [Worker-Main-6/INFO] (Config) [OptiFine] ConnectedTextures: optifine/ctm/default/09_glass_cyan/glass_cyan.properties
[17:13:51] [Worker-Main-6/INFO] (Config) [OptiFine] ConnectedTextures: optifine/ctm/default/09_glass_cyan/glass_pane_cyan.properties
[17:13:51] [Worker-Main-6/INFO] (Config) [OptiFine] ConnectedTextures: optifine/ctm/default/10_glass_purple/glass_pane_purple.properties
[17:13:51] [Worker-Main-6/INFO] (Config) [OptiFine] ConnectedTextures: optifine/ctm/default/10_glass_purple/glass_purple.properties
[17:13:51] [Worker-Main-6/INFO] (Config) [OptiFine] ConnectedTextures: optifine/ctm/default/11_glass_blue/glass_blue.properties
[17:13:51] [Worker-Main-6/INFO] (Config) [OptiFine] ConnectedTextures: optifine/ctm/default/11_glass_blue/glass_pane_blue.properties
[17:13:52] [Worker-Main-6/INFO] (Config) [OptiFine] ConnectedTextures: optifine/ctm/default/12_glass_brown/glass_brown.properties
[17:13:52] [Worker-Main-6/INFO] (Config) [OptiFine] ConnectedTextures: optifine/ctm/default/12_glass_brown/glass_pane_brown.properties
[17:13:52] [Worker-Main-6/INFO] (Config) [OptiFine] ConnectedTextures: optifine/ctm/default/13_glass_green/glass_green.properties
[17:13:52] [Worker-Main-6/INFO] (Config) [OptiFine] ConnectedTextures: optifine/ctm/default/13_glass_green/glass_pane_green.properties
[17:13:52] [Worker-Main-6/INFO] (Config) [OptiFine] ConnectedTextures: optifine/ctm/default/14_glass_red/glass_pane_red.properties
[17:13:53] [Worker-Main-6/INFO] (Config) [OptiFine] ConnectedTextures: optifine/ctm/default/14_glass_red/glass_red.properties
[17:13:53] [Worker-Main-6/INFO] (Config) [OptiFine] ConnectedTextures: optifine/ctm/default/15_glass_black/glass_black.properties
[17:13:53] [Worker-Main-6/INFO] (Config) [OptiFine] ConnectedTextures: optifine/ctm/default/15_glass_black/glass_pane_black.properties
[17:13:53] [Worker-Main-6/INFO] (Config) [OptiFine] ConnectedTextures: optifine/ctm/default/20_glass/glass.properties
[17:13:53] [Worker-Main-6/INFO] (Config) [OptiFine] ConnectedTextures: optifine/ctm/default/20_glass/glass_pane.properties
[17:13:53] [Worker-Main-6/INFO] (Config) [OptiFine] ConnectedTextures: optifine/ctm/default/21_tinted_glass/tinted_glass.properties
[17:13:54] [Worker-Main-6/INFO] (Config) [OptiFine] ConnectedTextures: optifine/ctm/default/30_bookshelf/bookshelf.properties
[17:13:54] [Worker-Main-6/INFO] (Config) [OptiFine] ConnectedTextures: optifine/ctm/default/40_sandstone/sandstone.properties
[17:13:54] [Worker-Main-6/INFO] (Config) [OptiFine] ConnectedTextures: optifine/ctm/default/41_red_sandstone/red_sandstone.properties
[17:13:54] [Worker-Main-6/INFO] (Config) [OptiFine] Multipass connected textures: false
[17:13:54] [Worker-Main-6/INFO] (Config) [OptiFine] BetterGrass: Parsing default configuration optifine/bettergrass.properties
[17:13:54] [Worker-Main-6/WARN] (Config) [OptiFine] BetterGrass texture not found: minecraft:textures/block/grass_path_top.png
[17:13:54] [Worker-Main-6/WARN] (Config) [OptiFine] BetterGrass texture not found: minecraft:textures/block/grass_path_side.png
[17:13:57] [Worker-Main-6/INFO] (Config) [OptiFine] Mipmap levels: 4
[17:13:57] [Worker-Main-7/INFO] (Config) [OptiFine] Multitexture: false
[17:13:58] [Worker-Main-6/INFO] (Config) [OptiFine] Multitexture: false
[17:13:58] [Worker-Main-6/INFO] (Config) [OptiFine] Sprite size: 64
[17:13:58] [Worker-Main-6/INFO] (Config) [OptiFine] Mipmap levels: 6
[17:13:58] [Worker-Main-6/WARN] (Minecraft) Unused frames in sprite minecraft:missingno: [1, 2, 3, 4, 5, 6, 7, 8, 9, 10, 11, 12, 13, 14, 15]
[17:13:58] [Worker-Main-6/INFO] (Config) [OptiFine] Multitexture: false
[17:13:58] [Worker-Main-6/INFO] (Config) [OptiFine] Sprite size: 64
[17:13:58] [Worker-Main-6/INFO] (Config) [OptiFine] Mipmap levels: 6
[17:13:58] [Worker-Main-6/WARN] (Minecraft) Unused frames in sprite minecraft:missingno: [1, 2, 3, 4, 5, 6, 7, 8, 9, 10, 11, 12, 13, 14, 15]
[17:13:58] [Worker-Main-6/INFO] (Config) [OptiFine] Multitexture: false
[17:13:58] [Worker-Main-6/INFO] (Config) [OptiFine] Sprite size: 64
[17:13:58] [Worker-Main-6/INFO] (Config) [OptiFine] Mipmap levels: 6
[17:13:58] [Worker-Main-6/WARN] (Minecraft) Unused frames in sprite minecraft:missingno: [1, 2, 3, 4, 5, 6, 7, 8, 9, 10, 11, 12, 13, 14, 15]
[17:13:58] [Worker-Main-6/INFO] (Config) [OptiFine] Multitexture: false
[17:13:58] [Worker-Main-6/INFO] (Config) [OptiFine] Sprite size: 64
[17:13:58] [Worker-Main-6/INFO] (Config) [OptiFine] Mipmap levels: 6
[17:13:58] [Worker-Main-6/WARN] (Minecraft) Unused frames in sprite minecraft:missingno: [1, 2, 3, 4, 5, 6, 7, 8, 9, 10, 11, 12, 13, 14, 15]
[17:13:58] [Worker-Main-6/INFO] (Config) [OptiFine] Multitexture: false
[17:13:58] [Worker-Main-6/INFO] (Config) [OptiFine] Sprite size: 64
[17:13:58] [Worker-Main-6/INFO] (Config) [OptiFine] Mipmap levels: 6
[17:13:58] [Worker-Main-6/WARN] (Minecraft) Unused frames in sprite minecraft:missingno: [1, 2, 3, 4, 5, 6, 7, 8, 9, 10, 11, 12, 13, 14, 15]
[17:13:58] [Worker-Main-6/INFO] (Config) [OptiFine] Multitexture: false
[17:13:59] [Worker-Main-6/INFO] (Config) [OptiFine] Sprite size: 64
[17:13:59] [Worker-Main-6/INFO] (Config) [OptiFine] Mipmap levels: 6
[17:13:59] [Worker-Main-6/WARN] (Minecraft) Unused frames in sprite minecraft:missingno: [1, 2, 3, 4, 5, 6, 7, 8, 9, 10, 11, 12, 13, 14, 15]
[17:13:59] [Render thread/INFO] (Minecraft) OpenAL initialized.
[17:13:59] [Render thread/INFO] (Minecraft) Sound engine started
[17:14:01] [Render thread/INFO] (Minecraft) Created: 1024x1024x4 minecraft:textures/atlas/blocks.png-atlas
[17:14:03] [Render thread/INFO] (Config) [OptiFine] Animated sprites: 45
[17:14:03] [Render thread/INFO] (Minecraft) Created: 256x128x4 minecraft:textures/atlas/signs.png-atlas
[17:14:03] [Render thread/INFO] (Config) [OptiFine] Animated sprites: 0
[17:14:03] [Render thread/INFO] (Minecraft) Created: 512x512x4 minecraft:textures/atlas/banner_patterns.png-atlas
[17:14:03] [Render thread/INFO] (Config) [OptiFine] Animated sprites: 0
[17:14:03] [Render thread/INFO] (Minecraft) Created: 512x512x4 minecraft:textures/atlas/shield_patterns.png-atlas
[17:14:03] [Render thread/INFO] (Config) [OptiFine] Animated sprites: 0
[17:14:03] [Render thread/INFO] (Minecraft) Created: 256x256x4 minecraft:textures/atlas/chest.png-atlas
[17:14:03] [Render thread/INFO] (Config) [OptiFine] Animated sprites: 0
[17:14:03] [Render thread/INFO] (Minecraft) Created: 512x256x4 minecraft:textures/atlas/beds.png-atlas
[17:14:03] [Render thread/INFO] (Config) [OptiFine] Animated sprites: 0
[17:14:03] [Render thread/INFO] (Minecraft) Created: 512x256x4 minecraft:textures/atlas/shulker_boxes.png-atlas
[17:14:03] [Render thread/INFO] (Config) [OptiFine] Animated sprites: 0
[17:14:08] [Render thread/INFO] (Minecraft) Created: 256x256x0 minecraft:textures/atlas/particles.png-atlas
[17:14:08] [Render thread/INFO] (Config) [OptiFine] Animated sprites: 1
[17:14:08] [Render thread/INFO] (Minecraft) Created: 256x256x0 minecraft:textures/atlas/paintings.png-atlas
[17:14:08] [Render thread/INFO] (Config) [OptiFine] Animated sprites: 0
[17:14:08] [Render thread/INFO] (Minecraft) Created: 128x128x0 minecraft:textures/atlas/mob_effects.png-atlas
[17:14:08] [Render thread/INFO] (Config) [OptiFine] Animated sprites: 0
[17:14:08] [Render thread/INFO] (Config) [OptiFine] *** Reloading custom textures ***
[17:14:08] [Render thread/WARN] (Config) [OptiFine] Unknown resource pack type: net.fabricmc.fabric.impl.resource.loader.FabricModResourcePack@65f6ee1a
[17:14:08] [Render thread/WARN] (Config) [OptiFine] Unknown resource pack type: net.fabricmc.fabric.impl.resource.loader.FabricModResourcePack@421e92ea
[17:14:08] [Render thread/WARN] (Config) [OptiFine] Unknown resource pack type: net.fabricmc.fabric.impl.resource.loader.FabricModResourcePack@7983fd5f
[17:14:09] [Render thread/WARN] (Config) [OptiFine] Unknown resource pack type: net.fabricmc.fabric.impl.resource.loader.FabricModResourcePack@54c29340
[17:14:09] [Render thread/WARN] (Config) [OptiFine] Model renderer not found, model: creeper, name: armor
[17:14:10] [Render thread/WARN] (Config) [OptiFine] Unknown resource pack type: net.fabricmc.fabric.impl.resource.loader.FabricModResourcePack@7da4e583
[17:14:10] [Render thread/WARN] (Config) [OptiFine] Unknown resource pack type: net.fabricmc.fabric.impl.resource.loader.FabricModResourcePack@414fd022
[17:14:10] [Render thread/INFO] (Config) [OptiFine] Disable Forge light pipeline
[17:14:10] [Render thread/INFO] (Minecraft) [STDOUT]: This line is printed by an example mod mixin!
[17:15:12] [Render thread/INFO] (Minecraft) [STDOUT]: This line is printed by an example mod mixin!
[17:15:13] [Render thread/INFO] (Minecraft) Stopping!
